TN:
SF:src\buildingPage.js
FN:7,addButton
FN:22,checkButtonExistence
FN:35,checkQuantityExistence
FN:45,settingCoordinat
FN:67,loadYmaps
FN:77,uploadButtons
FNF:6
FNH:4
FNDA:1,addButton
FNDA:3,checkButtonExistence
FNDA:2,checkQuantityExistence
FNDA:0,settingCoordinat
FNDA:0,loadYmaps
FNDA:2,uploadButtons
DA:1,1
DA:2,1
DA:3,1
DA:4,1
DA:5,1
DA:6,1
DA:7,1
DA:8,1
DA:9,1
DA:10,0
DA:11,0
DA:12,0
DA:13,0
DA:14,1
DA:15,1
DA:16,1
DA:17,1
DA:18,1
DA:19,1
DA:20,1
DA:21,1
DA:22,1
DA:23,3
DA:24,3
DA:25,2
DA:26,2
DA:27,1
DA:28,1
DA:29,1
DA:30,1
DA:31,1
DA:32,2
DA:33,2
DA:34,1
DA:35,1
DA:36,2
DA:37,2
DA:38,2
DA:39,2
DA:40,0
DA:41,2
DA:42,2
DA:43,2
DA:44,1
DA:45,1
DA:46,0
DA:47,0
DA:48,0
DA:49,0
DA:50,0
DA:51,0
DA:52,0
DA:53,0
DA:54,0
DA:55,0
DA:56,0
DA:57,0
DA:58,0
DA:59,0
DA:60,0
DA:61,0
DA:62,0
DA:63,0
DA:64,0
DA:65,0
DA:66,1
DA:67,0
DA:68,0
DA:69,0
DA:70,0
DA:71,0
DA:72,0
DA:73,0
DA:74,0
DA:75,0
DA:76,1
DA:77,1
DA:78,2
DA:79,2
DA:80,2
DA:81,3
DA:82,0
DA:83,3
DA:84,2
DA:85,2
LF:85
LH:50
BRDA:7,0,0,1
BRDA:9,1,0,0
BRDA:22,2,0,3
BRDA:24,3,0,2
BRDA:26,4,0,1
BRDA:35,5,0,2
BRDA:39,6,0,0
BRDA:77,7,0,2
BRDA:80,8,0,3
BRF:9
BRH:7
end_of_record
TN:
SF:src\location.js
FN:1,getUserCoordinates
FN:7,position
FN:18,main
FNF:3
FNH:2
FNDA:1,getUserCoordinates
FNDA:0,position
FNDA:1,main
DA:1,1
DA:2,1
DA:3,1
DA:4,1
DA:5,0
DA:6,0
DA:7,0
DA:8,0
DA:9,0
DA:10,0
DA:11,0
DA:12,0
DA:13,0
DA:14,0
DA:15,0
DA:16,1
DA:17,1
DA:18,1
DA:19,1
DA:20,1
DA:21,0
DA:22,1
DA:23,1
DA:24,1
DA:25,1
LF:25
LH:13
BRDA:1,0,0,1
BRDA:4,1,0,0
BRDA:18,2,0,1
BRDA:20,3,0,0
BRF:4
BRH:2
end_of_record
TN:
SF:src\weather.js
FN:5,getWeather
FN:25,setCenterMap
FN:30,getData
FN:42,printWeather
FN:67,getCondition
FN:83,getTempCity
FN:87,getWindSpeed
FN:91,getHumidity
FN:95,getPressure
FN:99,getCoord
FNF:10
FNH:6
FNDA:0,getWeather
FNDA:0,setCenterMap
FNDA:0,getData
FNDA:1,printWeather
FNDA:5,getCondition
FNDA:1,getTempCity
FNDA:1,getWindSpeed
FNDA:1,getHumidity
FNDA:1,getPressure
FNDA:0,getCoord
DA:1,1
DA:2,1
DA:3,1
DA:4,1
DA:5,1
DA:6,0
DA:7,0
DA:8,0
DA:9,1
DA:10,1
DA:11,1
DA:12,0
DA:13,0
DA:14,0
DA:15,0
DA:16,0
DA:17,0
DA:18,0
DA:19,0
DA:20,0
DA:21,0
DA:22,0
DA:23,0
DA:24,1
DA:25,0
DA:26,0
DA:27,0
DA:28,0
DA:29,1
DA:30,1
DA:31,0
DA:32,0
DA:33,0
DA:34,0
DA:35,0
DA:36,0
DA:37,0
DA:38,0
DA:39,0
DA:40,0
DA:41,1
DA:42,1
DA:43,1
DA:44,1
DA:45,1
DA:46,1
DA:47,1
DA:48,1
DA:49,1
DA:50,1
DA:51,1
DA:52,1
DA:53,1
DA:54,1
DA:55,1
DA:56,1
DA:57,1
DA:58,1
DA:59,1
DA:60,1
DA:61,1
DA:62,1
DA:63,1
DA:64,1
DA:65,1
DA:66,1
DA:67,1
DA:68,5
DA:69,5
DA:70,1
DA:71,5
DA:72,1
DA:73,5
DA:74,1
DA:75,5
DA:76,1
DA:77,5
DA:78,1
DA:79,1
DA:80,5
DA:81,5
DA:82,1
DA:83,1
DA:84,1
DA:85,1
DA:86,1
DA:87,1
DA:88,1
DA:89,1
DA:90,1
DA:91,1
DA:92,1
DA:93,1
DA:94,1
DA:95,1
DA:96,1
DA:97,1
DA:98,1
DA:99,1
DA:100,0
DA:101,0
LF:101
LH:70
BRDA:11,0,0,0
BRDA:42,1,0,1
BRDA:67,2,0,5
BRDA:69,3,0,1
BRDA:71,4,0,1
BRDA:73,5,0,1
BRDA:75,6,0,1
BRDA:77,7,0,1
BRDA:83,8,0,1
BRDA:87,9,0,1
BRDA:91,10,0,1
BRDA:95,11,0,1
BRF:12
BRH:11
end_of_record
TN:
SF:src\workAPI.js
FN:1,openweathermapApi
FN:16,openweathergeoApi
FN:32,getAdminURL
FN:36,getKeyAdminAPI
FN:40,getUserURL
FN:44,getKeyUserAPI
FN:48,checkResponse
FNF:7
FNH:5
FNDA:0,openweathermapApi
FNDA:0,openweathergeoApi
FNDA:1,getAdminURL
FNDA:1,getKeyAdminAPI
FNDA:1,getUserURL
FNDA:1,getKeyUserAPI
FNDA:1,checkResponse
DA:1,1
DA:2,0
DA:3,0
DA:4,0
DA:5,0
DA:6,0
DA:7,0
DA:8,0
DA:9,0
DA:10,0
DA:11,0
DA:12,0
DA:13,0
DA:14,0
DA:15,1
DA:16,1
DA:17,0
DA:18,0
DA:19,0
DA:20,0
DA:21,0
DA:22,0
DA:23,0
DA:24,0
DA:25,0
DA:26,0
DA:27,0
DA:28,0
DA:29,0
DA:30,0
DA:31,1
DA:32,1
DA:33,1
DA:34,1
DA:35,1
DA:36,1
DA:37,1
DA:38,1
DA:39,1
DA:40,1
DA:41,1
DA:42,1
DA:43,1
DA:44,1
DA:45,1
DA:46,1
DA:47,1
DA:48,1
DA:49,1
DA:50,1
DA:51,1
DA:52,1
LF:52
LH:25
BRDA:32,0,0,1
BRDA:36,1,0,1
BRDA:40,2,0,1
BRDA:44,3,0,1
BRDA:48,4,0,1
BRDA:51,5,0,0
BRF:6
BRH:5
end_of_record
